<?xml version="1.0" encoding="UTF-8"?>
<robot generator="Robot 6.0.2 (Python 3.11.3 on darwin)" generated="20230419 16:21:55.002" rpa="false" schemaversion="3">
<suite id="s1" name="Main" source="/Users/pimpakarn.wan/Workspace/appium-robot/main.robot">
<test id="s1-t1" name="Open Test Application For android" line="5">
<kw name="Open Test Application">
<kw name="Open Application" library="AppiumLibrary">
<arg>remote_url=http://127.0.0.1:4723</arg>
<arg>deviceName=emulator-5554</arg>
<arg>automationName=uiautomator2</arg>
<arg>platformName=Android</arg>
<arg>appPackage=com.material.components</arg>
<arg>appActivity=com.material.components.activity.MainMenu</arg>
<doc>Opens a new application to given Appium server.
Capabilities of appium server, Android and iOS,
Please check https://github.com/appium/appium/blob/master/docs/en/writing-running-appium/server-args.md
| *Option*            | *Man.* | *Description*     |
| remote_url          | Yes    | Appium server url |
| alias               | no     | alias             |
| strict_ssl          | No     | allows you to send commands to an invalid certificate host like a self-signed one. |</doc>
<status status="PASS" starttime="20230419 16:21:55.085" endtime="20230419 16:22:00.112"/>
</kw>
<status status="PASS" starttime="20230419 16:21:55.085" endtime="20230419 16:22:00.112"/>
</kw>
<kw name="Close Popup When App Start">
<kw name="Wait Until Page Contains Element" library="AppiumLibrary">
<arg>id=com.material.components:id/bt_close</arg>
<arg>30s</arg>
<doc>Waits until element specified with `locator` appears on current page.</doc>
<msg timestamp="20230419 16:22:00.629" level="INFO">criteria is com.material.components:id/bt_close</msg>
<status status="PASS" starttime="20230419 16:22:00.113" endtime="20230419 16:22:00.629"/>
</kw>
<kw name="Click Element" library="AppiumLibrary">
<arg>id=com.material.components:id/bt_close</arg>
<doc>Click element identified by `locator`.</doc>
<msg timestamp="20230419 16:22:00.631" level="INFO">Clicking element 'id=com.material.components:id/bt_close'.</msg>
<msg timestamp="20230419 16:22:00.690" level="INFO">criteria is com.material.components:id/bt_close</msg>
<status status="PASS" starttime="20230419 16:22:00.630" endtime="20230419 16:22:00.691"/>
</kw>
<kw name="Wait Until Page Does Not Contain Element" library="AppiumLibrary">
<arg>id=com.material.components:id/bt_close</arg>
<arg>30s</arg>
<doc>Waits until element specified with `locator` disappears from current page.</doc>
<msg timestamp="20230419 16:22:00.993" level="INFO">criteria is com.material.components:id/bt_close</msg>
<status status="PASS" starttime="20230419 16:22:00.691" endtime="20230419 16:22:00.993"/>
</kw>
<status status="PASS" starttime="20230419 16:22:00.112" endtime="20230419 16:22:00.993"/>
</kw>
<kw name="Click Search Icon On Topbar">
<kw name="Wait Until Page Contains Element" library="AppiumLibrary">
<arg>accessibility_id=Search</arg>
<arg>30s</arg>
<doc>Waits until element specified with `locator` appears on current page.</doc>
<status status="PASS" starttime="20230419 16:22:00.994" endtime="20230419 16:22:01.278"/>
</kw>
<kw name="Click Element" library="AppiumLibrary">
<arg>accessibility_id=Search</arg>
<doc>Click element identified by `locator`.</doc>
<msg timestamp="20230419 16:22:01.279" level="INFO">Clicking element 'accessibility_id=Search'.</msg>
<status status="PASS" starttime="20230419 16:22:01.278" endtime="20230419 16:22:02.090"/>
</kw>
<status status="PASS" starttime="20230419 16:22:00.994" endtime="20230419 16:22:02.090"/>
</kw>
<kw name="Input Search Keyword Into Search Box">
<arg>Icon</arg>
<kw name="Wait Until Page Contains Element" library="AppiumLibrary">
<arg>id=com.material.components:id/search_src_text</arg>
<arg>30s</arg>
<doc>Waits until element specified with `locator` appears on current page.</doc>
<msg timestamp="20230419 16:22:02.126" level="INFO">criteria is com.material.components:id/search_src_text</msg>
<status status="PASS" starttime="20230419 16:22:02.090" endtime="20230419 16:22:02.126"/>
</kw>
<kw name="Input Text" library="AppiumLibrary">
<arg>id=com.material.components:id/search_src_text</arg>
<arg>${kw}</arg>
<doc>Types the given `text` into text field identified by `locator`.</doc>
<msg timestamp="20230419 16:22:02.128" level="INFO">Typing text 'Icon' into text field 'id=com.material.components:id/search_src_text'</msg>
<msg timestamp="20230419 16:22:02.795" level="INFO">criteria is com.material.components:id/search_src_text</msg>
<status status="PASS" starttime="20230419 16:22:02.127" endtime="20230419 16:22:02.795"/>
</kw>
<status status="PASS" starttime="20230419 16:22:02.090" endtime="20230419 16:22:02.795"/>
</kw>
<kw name="Click Bottom Navigation Icon Menu">
<kw name="Wait Until Page Contains Element" library="AppiumLibrary">
<arg>xpath=//android.widget.LinearLayout[android.widget.TextView[@text='Bottom Navigation'] and android.widget.TextView[@text='Icon']]</arg>
<doc>Waits until element specified with `locator` appears on current page.</doc>
<msg timestamp="20230419 16:22:02.976" level="INFO">xpath criteria: //android.widget.LinearLayout[android.widget.TextView[@text='Bottom Navigation'] and android.widget.TextView[@text='Icon']]</msg>
<status status="PASS" starttime="20230419 16:22:02.796" endtime="20230419 16:22:02.976"/>
</kw>
<kw name="Click Element" library="AppiumLibrary">
<arg>xpath=//android.widget.LinearLayout[android.widget.TextView[@text='Bottom Navigation'] and android.widget.TextView[@text='Icon']]</arg>
<doc>Click element identified by `locator`.</doc>
<msg timestamp="20230419 16:22:02.977" level="INFO">Clicking element 'xpath=//android.widget.LinearLayout[android.widget.TextView[@text='Bottom Navigation'] and android.widget.TextView[@text='Icon']]'.</msg>
<msg timestamp="20230419 16:22:03.522" level="INFO">xpath criteria: //android.widget.LinearLayout[android.widget.TextView[@text='Bottom Navigation'] and android.widget.TextView[@text='Icon']]</msg>
<status status="PASS" starttime="20230419 16:22:02.976" endtime="20230419 16:22:03.522"/>
</kw>
<status status="PASS" starttime="20230419 16:22:02.795" endtime="20230419 16:22:03.522"/>
</kw>
<status status="PASS" starttime="20230419 16:21:55.085" endtime="20230419 16:22:03.522"/>
</test>
<status status="PASS" starttime="20230419 16:21:55.003" endtime="20230419 16:22:03.524"/>
</suite>
<statistics>
<total>
<stat pass="1" fail="0" skip="0">All Tests</stat>
</total>
<tag>
</tag>
<suite>
<stat pass="1" fail="0" skip="0" id="s1" name="Main">Main</stat>
</suite>
</statistics>
<errors>
</errors>
</robot>
